2021-12-10 15:16:16,233 INFO org.apache.juli.logging.DirectJDKLog [restartedMain] Initializing Spring embedded WebApplicationContext
2021-12-10 15:16:16,236 INFO org.springframework.boot.web.servlet.context.ServletWebServerApplicationContext [restartedMain] Root WebApplicationContext: initialization completed in 2016 ms
2021-12-10 15:16:16,443 INFO org.hibernate.jpa.internal.util.LogHelper [restartedMain] HHH000204: Processing PersistenceUnitInfo [name: default]
2021-12-10 15:16:16,517 INFO org.hibernate.Version [restartedMain] HHH000412: Hibernate ORM core version 5.4.32.Final
2021-12-10 15:16:16,710 INFO org.hibernate.annotations.common.reflection.java.JavaReflectionManager [restartedMain] HCANN000001: Hibernate Commons Annotations {5.1.2.Final}
2021-12-10 15:16:16,862 INFO com.zaxxer.hikari.HikariDataSource [restartedMain] HikariPool-1 - Starting...
2021-12-10 15:16:17,572 INFO com.zaxxer.hikari.HikariDataSource [restartedMain] HikariPool-1 - Start completed.
2021-12-10 15:16:17,644 INFO org.hibernate.dialect.Dialect [restartedMain] HHH000400: Using dialect: org.hibernate.dialect.PostgreSQL10Dialect
2021-12-10 15:16:18,851 INFO org.hibernate.engine.transaction.jta.platform.internal.JtaPlatformInitiator [restartedMain] HHH000490: Using JtaPlatform implementation: [org.hibernate.engine.transaction.jta.platform.internal.NoJtaPlatform]
2021-12-10 15:16:18,864 INFO org.springframework.orm.jpa.AbstractEntityManagerFactoryBean [restartedMain] Initialized JPA EntityManagerFactory for persistence unit 'default'
2021-12-10 15:16:19,328 WARN org.springframework.boot.autoconfigure.orm.jpa.JpaBaseConfiguration$JpaWebConfiguration [restartedMain] spring.jpa.open-in-view is enabled by default. Therefore, database queries may be performed during view rendering. Explicitly configure spring.jpa.open-in-view to disable this warning
2021-12-10 15:16:19,954 INFO org.springframework.boot.devtools.autoconfigure.OptionalLiveReloadServer [restartedMain] LiveReload server is running on port 35729
2021-12-10 15:16:19,979 INFO org.apache.juli.logging.DirectJDKLog [restartedMain] Starting ProtocolHandler ["http-nio-9082"]
2021-12-10 15:16:20,002 INFO org.springframework.boot.web.embedded.tomcat.TomcatWebServer [restartedMain] Tomcat started on port(s): 9082 (http) with context path ''
2021-12-10 15:16:20,015 INFO org.springframework.boot.StartupInfoLogger [restartedMain] Started TarjetasCreditoApplication in 6.373 seconds (JVM running for 7.654)
2021-12-10 15:17:22,533 INFO org.apache.juli.logging.DirectJDKLog [http-nio-9082-exec-1] Initializing Spring DispatcherServlet 'dispatcherServlet'
2021-12-10 15:17:22,534 INFO org.springframework.web.servlet.FrameworkServlet [http-nio-9082-exec-1] Initializing Servlet 'dispatcherServlet'
2021-12-10 15:17:22,535 INFO org.springframework.web.servlet.FrameworkServlet [http-nio-9082-exec-1] Completed initialization in 1 ms
2021-12-10 15:27:04,368 INFO org.springframework.orm.jpa.AbstractEntityManagerFactoryBean [Thread-7] Closing JPA EntityManagerFactory for persistence unit 'default'
2021-12-10 15:27:04,373 INFO com.zaxxer.hikari.HikariDataSource [Thread-7] HikariPool-1 - Shutdown initiated...
2021-12-10 15:27:04,386 INFO com.zaxxer.hikari.HikariDataSource [Thread-7] HikariPool-1 - Shutdown completed.
2021-12-10 15:27:04,647 INFO org.springframework.boot.StartupInfoLogger [restartedMain] Starting TarjetasCreditoApplication using Java 1.8.0_301 on LAPTOP-TQRN9BM8 with PID 3620 (C:\EclipseSts\WorkSpace\PerfilesTarjetas\target\classes started by Alberto in C:\EclipseSts\WorkSpace\PerfilesTarjetas)
2021-12-10 15:27:04,647 INFO org.springframework.boot.SpringApplication [restartedMain] No active profile set, falling back to default profiles: default
2021-12-10 15:27:04,930 INFO org.springframework.data.repository.config.RepositoryConfigurationDelegate [restartedMain] Bootstrapping Spring Data JPA repositories in DEFAULT mode.
2021-12-10 15:27:04,962 INFO org.springframework.data.repository.config.RepositoryConfigurationDelegate [restartedMain] Finished Spring Data repository scanning in 31 ms. Found 3 JPA repository interfaces.
2021-12-10 15:27:05,137 INFO org.springframework.boot.web.embedded.tomcat.TomcatWebServer [restartedMain] Tomcat initialized with port(s): 9082 (http)
2021-12-10 15:27:05,139 INFO org.apache.juli.logging.DirectJDKLog [restartedMain] Initializing ProtocolHandler ["http-nio-9082"]
2021-12-10 15:27:05,140 INFO org.apache.juli.logging.DirectJDKLog [restartedMain] Starting service [Tomcat]
2021-12-10 15:27:05,141 INFO org.apache.juli.logging.DirectJDKLog [restartedMain] Starting Servlet engine: [Apache Tomcat/9.0.55]
2021-12-10 15:27:05,160 INFO org.apache.juli.logging.DirectJDKLog [restartedMain] Initializing Spring embedded WebApplicationContext
2021-12-10 15:27:05,162 INFO org.springframework.boot.web.servlet.context.ServletWebServerApplicationContext [restartedMain] Root WebApplicationContext: initialization completed in 511 ms
2021-12-10 15:27:05,217 INFO org.hibernate.jpa.internal.util.LogHelper [restartedMain] HHH000204: Processing PersistenceUnitInfo [name: default]
2021-12-10 15:27:05,223 INFO com.zaxxer.hikari.HikariDataSource [restartedMain] HikariPool-2 - Starting...
2021-12-10 15:27:05,288 INFO com.zaxxer.hikari.HikariDataSource [restartedMain] HikariPool-2 - Start completed.
2021-12-10 15:27:05,289 INFO org.hibernate.dialect.Dialect [restartedMain] HHH000400: Using dialect: org.hibernate.dialect.PostgreSQL10Dialect
2021-12-10 15:27:05,549 INFO org.hibernate.engine.transaction.jta.platform.internal.JtaPlatformInitiator [restartedMain] HHH000490: Using JtaPlatform implementation: [org.hibernate.engine.transaction.jta.platform.internal.NoJtaPlatform]
2021-12-10 15:27:05,550 INFO org.springframework.orm.jpa.AbstractEntityManagerFactoryBean [restartedMain] Initialized JPA EntityManagerFactory for persistence unit 'default'
2021-12-10 15:27:05,676 WARN org.springframework.boot.autoconfigure.orm.jpa.JpaBaseConfiguration$JpaWebConfiguration [restartedMain] spring.jpa.open-in-view is enabled by default. Therefore, database queries may be performed during view rendering. Explicitly configure spring.jpa.open-in-view to disable this warning
2021-12-10 15:27:05,792 INFO org.springframework.boot.devtools.autoconfigure.OptionalLiveReloadServer [restartedMain] LiveReload server is running on port 35729
2021-12-10 15:27:05,805 INFO org.apache.juli.logging.DirectJDKLog [restartedMain] Starting ProtocolHandler ["http-nio-9082"]
2021-12-10 15:27:05,807 INFO org.springframework.boot.web.embedded.tomcat.TomcatWebServer [restartedMain] Tomcat started on port(s): 9082 (http) with context path ''
2021-12-10 15:27:05,834 INFO org.springframework.boot.StartupInfoLogger [restartedMain] Started TarjetasCreditoApplication in 1.243 seconds (JVM running for 653.474)
2021-12-10 15:27:05,837 INFO org.springframework.boot.devtools.autoconfigure.ConditionEvaluationDeltaLoggingListener [restartedMain] Condition evaluation unchanged
