2021-12-10 15:47:36,342 INFO org.springframework.orm.jpa.AbstractEntityManagerFactoryBean [restartedMain] Initialized JPA EntityManagerFactory for persistence unit 'default'
2021-12-10 15:47:36,449 WARN org.springframework.boot.autoconfigure.orm.jpa.JpaBaseConfiguration$JpaWebConfiguration [restartedMain] spring.jpa.open-in-view is enabled by default. Therefore, database queries may be performed during view rendering. Explicitly configure spring.jpa.open-in-view to disable this warning
2021-12-10 15:47:36,550 INFO org.springframework.boot.devtools.autoconfigure.OptionalLiveReloadServer [restartedMain] LiveReload server is running on port 35729
2021-12-10 15:47:36,561 INFO org.apache.juli.logging.DirectJDKLog [restartedMain] Starting ProtocolHandler ["http-nio-9082"]
2021-12-10 15:47:36,564 INFO org.springframework.boot.web.embedded.tomcat.TomcatWebServer [restartedMain] Tomcat started on port(s): 9082 (http) with context path ''
2021-12-10 15:47:36,568 INFO org.springframework.boot.StartupInfoLogger [restartedMain] Started TarjetasCreditoApplication in 1.038 seconds (JVM running for 1884.208)
2021-12-10 15:47:36,571 INFO org.springframework.boot.devtools.autoconfigure.ConditionEvaluationDeltaLoggingListener [restartedMain] Condition evaluation unchanged
2021-12-10 15:47:37,645 INFO org.springframework.boot.admin.SpringApplicationAdminMXBeanRegistrar$SpringApplicationAdmin [RMI TCP Connection(53)-127.0.0.1] Application shutdown requested.
2021-12-10 15:47:37,922 INFO org.springframework.orm.jpa.AbstractEntityManagerFactoryBean [RMI TCP Connection(53)-127.0.0.1] Closing JPA EntityManagerFactory for persistence unit 'default'
2021-12-10 15:47:37,924 INFO com.zaxxer.hikari.HikariDataSource [RMI TCP Connection(53)-127.0.0.1] HikariPool-4 - Shutdown initiated...
2021-12-10 15:47:37,934 INFO com.zaxxer.hikari.HikariDataSource [RMI TCP Connection(53)-127.0.0.1] HikariPool-4 - Shutdown completed.
2021-12-10 15:55:15,576 INFO org.springframework.boot.StartupInfoLogger [restartedMain] Starting TarjetasCreditoApplication using Java 1.8.0_301 on LAPTOP-TQRN9BM8 with PID 3024 (C:\EclipseSts\WorkSpace\PerfilesTarjetas\target\classes started by Alberto in C:\EclipseSts\WorkSpace\PerfilesTarjetas)
2021-12-10 15:55:15,576 INFO org.hibernate.validator.internal.util.Version [background-preinit] HV000001: Hibernate Validator 6.2.0.Final
2021-12-10 15:55:15,580 INFO org.springframework.boot.SpringApplication [restartedMain] No active profile set, falling back to default profiles: default
2021-12-10 15:55:15,640 INFO org.springframework.boot.logging.DeferredLog [restartedMain] Devtools property defaults active! Set 'spring.devtools.add-properties' to 'false' to disable
2021-12-10 15:55:15,641 INFO org.springframework.boot.logging.DeferredLog [restartedMain] For additional web related logging consider setting the 'logging.level.web' property to 'DEBUG'
2021-12-10 15:55:16,570 INFO org.springframework.data.repository.config.RepositoryConfigurationDelegate [restartedMain] Bootstrapping Spring Data JPA repositories in DEFAULT mode.
2021-12-10 15:55:16,686 INFO org.springframework.data.repository.config.RepositoryConfigurationDelegate [restartedMain] Finished Spring Data repository scanning in 103 ms. Found 3 JPA repository interfaces.
2021-12-10 15:55:17,518 INFO org.springframework.boot.web.embedded.tomcat.TomcatWebServer [restartedMain] Tomcat initialized with port(s): 9082 (http)
2021-12-10 15:55:17,535 INFO org.apache.juli.logging.DirectJDKLog [restartedMain] Initializing ProtocolHandler ["http-nio-9082"]
2021-12-10 15:55:17,538 INFO org.apache.juli.logging.DirectJDKLog [restartedMain] Starting service [Tomcat]
2021-12-10 15:55:17,538 INFO org.apache.juli.logging.DirectJDKLog [restartedMain] Starting Servlet engine: [Apache Tomcat/9.0.55]
2021-12-10 15:55:17,657 INFO org.apache.juli.logging.DirectJDKLog [restartedMain] Initializing Spring embedded WebApplicationContext
2021-12-10 15:55:17,658 INFO org.springframework.boot.web.servlet.context.ServletWebServerApplicationContext [restartedMain] Root WebApplicationContext: initialization completed in 2016 ms
2021-12-10 15:55:17,846 INFO org.hibernate.jpa.internal.util.LogHelper [restartedMain] HHH000204: Processing PersistenceUnitInfo [name: default]
2021-12-10 15:55:17,906 INFO org.hibernate.Version [restartedMain] HHH000412: Hibernate ORM core version 5.4.32.Final
2021-12-10 15:55:18,092 INFO org.hibernate.annotations.common.reflection.java.JavaReflectionManager [restartedMain] HCANN000001: Hibernate Commons Annotations {5.1.2.Final}
2021-12-10 15:55:18,267 INFO com.zaxxer.hikari.HikariDataSource [restartedMain] HikariPool-1 - Starting...
2021-12-10 15:55:19,089 INFO com.zaxxer.hikari.HikariDataSource [restartedMain] HikariPool-1 - Start completed.
2021-12-10 15:55:19,146 INFO org.hibernate.dialect.Dialect [restartedMain] HHH000400: Using dialect: org.hibernate.dialect.PostgreSQL10Dialect
2021-12-10 15:55:20,436 INFO org.hibernate.engine.transaction.jta.platform.internal.JtaPlatformInitiator [restartedMain] HHH000490: Using JtaPlatform implementation: [org.hibernate.engine.transaction.jta.platform.internal.NoJtaPlatform]
2021-12-10 15:55:20,451 INFO org.springframework.orm.jpa.AbstractEntityManagerFactoryBean [restartedMain] Initialized JPA EntityManagerFactory for persistence unit 'default'
2021-12-10 15:55:20,926 WARN org.springframework.boot.autoconfigure.orm.jpa.JpaBaseConfiguration$JpaWebConfiguration [restartedMain] spring.jpa.open-in-view is enabled by default. Therefore, database queries may be performed during view rendering. Explicitly configure spring.jpa.open-in-view to disable this warning
2021-12-10 15:55:21,594 INFO org.springframework.boot.devtools.autoconfigure.OptionalLiveReloadServer [restartedMain] LiveReload server is running on port 35729
2021-12-10 15:55:21,616 INFO org.apache.juli.logging.DirectJDKLog [restartedMain] Starting ProtocolHandler ["http-nio-9082"]
2021-12-10 15:55:21,640 INFO org.springframework.boot.web.embedded.tomcat.TomcatWebServer [restartedMain] Tomcat started on port(s): 9082 (http) with context path ''
2021-12-10 15:55:21,651 INFO org.springframework.boot.StartupInfoLogger [restartedMain] Started TarjetasCreditoApplication in 6.557 seconds (JVM running for 7.829)
