2021-12-10 18:33:27,427 INFO org.springframework.orm.jpa.AbstractEntityManagerFactoryBean [restartedMain] Initialized JPA EntityManagerFactory for persistence unit 'default'
2021-12-10 18:33:27,554 WARN org.springframework.boot.autoconfigure.orm.jpa.JpaBaseConfiguration$JpaWebConfiguration [restartedMain] spring.jpa.open-in-view is enabled by default. Therefore, database queries may be performed during view rendering. Explicitly configure spring.jpa.open-in-view to disable this warning
2021-12-10 18:33:27,661 INFO org.springframework.boot.devtools.autoconfigure.OptionalLiveReloadServer [restartedMain] LiveReload server is running on port 35729
2021-12-10 18:33:27,672 INFO org.apache.juli.logging.DirectJDKLog [restartedMain] Starting ProtocolHandler ["http-nio-9082"]
2021-12-10 18:33:27,675 INFO org.springframework.boot.web.embedded.tomcat.TomcatWebServer [restartedMain] Tomcat started on port(s): 9082 (http) with context path ''
2021-12-10 18:33:27,681 INFO org.springframework.boot.StartupInfoLogger [restartedMain] Started TarjetasCreditoApplication in 1.084 seconds (JVM running for 904.931)
2021-12-10 18:33:27,684 INFO org.springframework.boot.devtools.autoconfigure.ConditionEvaluationDeltaLoggingListener [restartedMain] Condition evaluation unchanged
2021-12-10 18:34:39,612 INFO org.apache.juli.logging.DirectJDKLog [http-nio-9082-exec-2] Initializing Spring DispatcherServlet 'dispatcherServlet'
2021-12-10 18:34:39,614 INFO org.springframework.web.servlet.FrameworkServlet [http-nio-9082-exec-2] Initializing Servlet 'dispatcherServlet'
2021-12-10 18:34:39,616 INFO org.springframework.web.servlet.FrameworkServlet [http-nio-9082-exec-2] Completed initialization in 1 ms
2021-12-10 18:35:36,013 INFO org.springframework.orm.jpa.AbstractEntityManagerFactoryBean [Thread-31] Closing JPA EntityManagerFactory for persistence unit 'default'
2021-12-10 18:35:36,014 INFO com.zaxxer.hikari.HikariDataSource [Thread-31] HikariPool-5 - Shutdown initiated...
2021-12-10 18:35:36,021 INFO com.zaxxer.hikari.HikariDataSource [Thread-31] HikariPool-5 - Shutdown completed.
2021-12-10 18:35:36,219 INFO org.springframework.boot.StartupInfoLogger [restartedMain] Starting TarjetasCreditoApplication using Java 1.8.0_301 on LAPTOP-TQRN9BM8 with PID 11812 (C:\EclipseSts\WorkSpace\PerfilesTarjetas\target\classes started by Alberto in C:\EclipseSts\WorkSpace\PerfilesTarjetas)
2021-12-10 18:35:36,221 INFO org.springframework.boot.SpringApplication [restartedMain] No active profile set, falling back to default profiles: default
2021-12-10 18:35:36,478 INFO org.springframework.data.repository.config.RepositoryConfigurationDelegate [restartedMain] Bootstrapping Spring Data JPA repositories in DEFAULT mode.
2021-12-10 18:35:36,510 INFO org.springframework.data.repository.config.RepositoryConfigurationDelegate [restartedMain] Finished Spring Data repository scanning in 31 ms. Found 3 JPA repository interfaces.
2021-12-10 18:35:36,673 INFO org.springframework.boot.web.embedded.tomcat.TomcatWebServer [restartedMain] Tomcat initialized with port(s): 9082 (http)
2021-12-10 18:35:36,674 INFO org.apache.juli.logging.DirectJDKLog [restartedMain] Initializing ProtocolHandler ["http-nio-9082"]
2021-12-10 18:35:36,675 INFO org.apache.juli.logging.DirectJDKLog [restartedMain] Starting service [Tomcat]
2021-12-10 18:35:36,676 INFO org.apache.juli.logging.DirectJDKLog [restartedMain] Starting Servlet engine: [Apache Tomcat/9.0.55]
2021-12-10 18:35:36,699 INFO org.apache.juli.logging.DirectJDKLog [restartedMain] Initializing Spring embedded WebApplicationContext
2021-12-10 18:35:36,700 INFO org.springframework.boot.web.servlet.context.ServletWebServerApplicationContext [restartedMain] Root WebApplicationContext: initialization completed in 475 ms
2021-12-10 18:35:36,743 INFO org.hibernate.jpa.internal.util.LogHelper [restartedMain] HHH000204: Processing PersistenceUnitInfo [name: default]
2021-12-10 18:35:36,750 INFO com.zaxxer.hikari.HikariDataSource [restartedMain] HikariPool-6 - Starting...
2021-12-10 18:35:36,818 INFO com.zaxxer.hikari.HikariDataSource [restartedMain] HikariPool-6 - Start completed.
2021-12-10 18:35:36,819 INFO org.hibernate.dialect.Dialect [restartedMain] HHH000400: Using dialect: org.hibernate.dialect.PostgreSQL10Dialect
2021-12-10 18:35:37,054 INFO org.hibernate.engine.transaction.jta.platform.internal.JtaPlatformInitiator [restartedMain] HHH000490: Using JtaPlatform implementation: [org.hibernate.engine.transaction.jta.platform.internal.NoJtaPlatform]
2021-12-10 18:35:37,056 INFO org.springframework.orm.jpa.AbstractEntityManagerFactoryBean [restartedMain] Initialized JPA EntityManagerFactory for persistence unit 'default'
2021-12-10 18:35:37,185 WARN org.springframework.boot.autoconfigure.orm.jpa.JpaBaseConfiguration$JpaWebConfiguration [restartedMain] spring.jpa.open-in-view is enabled by default. Therefore, database queries may be performed during view rendering. Explicitly configure spring.jpa.open-in-view to disable this warning
2021-12-10 18:35:37,277 INFO org.springframework.boot.devtools.autoconfigure.OptionalLiveReloadServer [restartedMain] LiveReload server is running on port 35729
2021-12-10 18:35:37,290 INFO org.apache.juli.logging.DirectJDKLog [restartedMain] Starting ProtocolHandler ["http-nio-9082"]
2021-12-10 18:35:37,293 INFO org.springframework.boot.web.embedded.tomcat.TomcatWebServer [restartedMain] Tomcat started on port(s): 9082 (http) with context path ''
2021-12-10 18:35:37,299 INFO org.springframework.boot.StartupInfoLogger [restartedMain] Started TarjetasCreditoApplication in 1.124 seconds (JVM running for 1034.549)
2021-12-10 18:35:37,302 INFO org.springframework.boot.devtools.autoconfigure.ConditionEvaluationDeltaLoggingListener [restartedMain] Condition evaluation unchanged
2021-12-10 18:35:47,715 INFO org.apache.juli.logging.DirectJDKLog [http-nio-9082-exec-2] Initializing Spring DispatcherServlet 'dispatcherServlet'
2021-12-10 18:35:47,717 INFO org.springframework.web.servlet.FrameworkServlet [http-nio-9082-exec-2] Initializing Servlet 'dispatcherServlet'
2021-12-10 18:35:47,718 INFO org.springframework.web.servlet.FrameworkServlet [http-nio-9082-exec-2] Completed initialization in 1 ms
